<?xml version="1.0" encoding="UTF-8"?>
<!-- Generated by org.testng.reporters.JUnitReportReporter -->
<testsuite skipped="0" hostname="DESKTOP-BC8QOC9" name="suite.sales.sales" tests="2" failures="0" timestamp="15 Sep 2020 10:22:16 GMT" time="17.925" errors="0">
  <testcase name="login" time="5.593" classname="suite.sales.sales"/>
  <testcase name="register" time="12.332" classname="suite.sales.sales"/>
</testsuite> <!-- suite.sales.sales -->
